0 info it worked if it ends with ok
1 verbose cli [ '/usr/bin/node', '/usr/bin/npm', 'run', 'lint' ]
2 info using npm@3.10.10
3 info using node@v6.17.1
4 verbose run-script [ 'prelint', 'lint', 'postlint' ]
5 info lifecycle vuexy-vuejs-html-laravel-dashboard-admin-template@4.0.0~prelint: vuexy-vuejs-html-laravel-dashboard-admin-template@4.0.0
6 silly lifecycle vuexy-vuejs-html-laravel-dashboard-admin-template@4.0.0~prelint: no script for prelint, continuing
7 info lifecycle vuexy-vuejs-html-laravel-dashboard-admin-template@4.0.0~lint: vuexy-vuejs-html-laravel-dashboard-admin-template@4.0.0
8 verbose lifecycle vuexy-vuejs-html-laravel-dashboard-admin-template@4.0.0~lint: unsafe-perm in lifecycle true
9 verbose lifecycle vuexy-vuejs-html-laravel-dashboard-admin-template@4.0.0~lint: PATH: /usr/lib/node_modules/npm/bin/node-gyp-bin:/opt/repositories/clicking-front-config/clicking-front/node_modules/.bin:/usr/local/bin:/usr/bin:/usr/local/sbin:/usr/sbin:/home/administrador/.local/bin:/home/administrador/bin
10 verbose lifecycle vuexy-vuejs-html-laravel-dashboard-admin-template@4.0.0~lint: CWD: /opt/repositories/clicking-front-config/clicking-front
11 silly lifecycle vuexy-vuejs-html-laravel-dashboard-admin-template@4.0.0~lint: Args: [ '-c', 'vue-cli-service lint' ]
12 silly lifecycle vuexy-vuejs-html-laravel-dashboard-admin-template@4.0.0~lint: Returned: code: 1  signal: null
13 info lifecycle vuexy-vuejs-html-laravel-dashboard-admin-template@4.0.0~lint: Failed to exec lint script
14 verbose stack Error: vuexy-vuejs-html-laravel-dashboard-admin-template@4.0.0 lint: `vue-cli-service lint`
14 verbose stack Exit status 1
14 verbose stack     at EventEmitter.<anonymous> (/usr/lib/node_modules/npm/lib/utils/lifecycle.js:255:16)
14 verbose stack     at emitTwo (events.js:106:13)
14 verbose stack     at EventEmitter.emit (events.js:191:7)
14 verbose stack     at ChildProcess.<anonymous> (/usr/lib/node_modules/npm/lib/utils/spawn.js:40:14)
14 verbose stack     at emitTwo (events.js:106:13)
14 verbose stack     at ChildProcess.emit (events.js:191:7)
14 verbose stack     at maybeClose (internal/child_process.js:920:16)
14 verbose stack     at Process.ChildProcess._handle.onexit (internal/child_process.js:230:5)
15 verbose pkgid vuexy-vuejs-html-laravel-dashboard-admin-template@4.0.0
16 verbose cwd /opt/repositories/clicking-front-config/clicking-front
17 error Linux 3.10.0-1127.el7.x86_64
18 error argv "/usr/bin/node" "/usr/bin/npm" "run" "lint"
19 error node v6.17.1
20 error npm  v3.10.10
21 error code ELIFECYCLE
22 error vuexy-vuejs-html-laravel-dashboard-admin-template@4.0.0 lint: `vue-cli-service lint`
22 error Exit status 1
23 error Failed at the vuexy-vuejs-html-laravel-dashboard-admin-template@4.0.0 lint script 'vue-cli-service lint'.
23 error Make sure you have the latest version of node.js and npm installed.
23 error If you do, this is most likely a problem with the vuexy-vuejs-html-laravel-dashboard-admin-template package,
23 error not with npm itself.
23 error Tell the author that this fails on your system:
23 error     vue-cli-service lint
23 error You can get information on how to open an issue for this project with:
23 error     npm bugs vuexy-vuejs-html-laravel-dashboard-admin-template
23 error Or if that isn't available, you can get their info via:
23 error     npm owner ls vuexy-vuejs-html-laravel-dashboard-admin-template
23 error There is likely additional logging output above.
24 verbose exit [ 1, true ]
